<?xml version="1.0" encoding="UTF-8"?>
<!-- Generated by org.testng.reporters.JUnitReportReporter -->
<testsuite hostname="DESKTOP-1OIHU9F" failures="0" tests="1" name="script.Demo1" time="58.960" errors="0" timestamp="2024-10-23T07:17:07 IST" skipped="0">
  <testcase classname="script.Demo1" name="TestA" time="58.960"/>
  <system-out/>
</testsuite> <!-- script.Demo1 -->
