<?xml version="1.0" encoding="UTF-8"?>
<!-- Generated by org.testng.reporters.JUnitReportReporter -->
<testsuite hostname="DESKTOP-1OIHU9F" failures="0" tests="1" name="script.Demo2" time="21.269" errors="0" timestamp="2024-10-18T10:29:59 IST" skipped="0">
  <testcase classname="script.Demo2" name="TestB" time="21.269"/>
  <system-out/>
</testsuite> <!-- script.Demo2 -->
