<?xml version="1.0" encoding="UTF-8"?>
<!-- Generated by org.testng.reporters.JUnitReportReporter -->
<testsuite hostname="DESKTOP-1OIHU9F" failures="0" tests="1" name="script.ValidLogin" time="39.252" errors="0" timestamp="2024-10-26T07:47:14 IST" skipped="0">
  <testcase classname="script.ValidLogin" name="TestValidLogin" time="39.252">
    <system-out>
      <![CDATA[Home Page is Displayed]]>
    </system-out>
  </testcase> <!-- TestValidLogin -->
  <system-out>
    <![CDATA[Home Page is Displayed]]>
  </system-out>
</testsuite> <!-- script.ValidLogin -->
